Arguments: 
  /usr/local/Cellar/node/14.2.0/bin/node /usr/local/Cellar/yarn/1.22.4/libexec/bin/yarn.js init

PATH: 
  /Library/Frameworks/Python.framework/Versions/3.8/bin:/usr/local/bin:/usr/bin:/bin:/usr/sbin:/sbin:/Library/TeX/texbin

Yarn version: 
  1.22.4

Node version: 
  14.2.0

Platform: 
  darwin x64

Trace: 
  Error: canceled
      at Interface.<anonymous> (/usr/local/Cellar/yarn/1.22.4/libexec/lib/cli.js:137008:13)
      at Interface.emit (events.js:315:20)
      at Interface._ttyWrite (readline.js:873:16)
      at ReadStream.onkeypress (readline.js:213:10)
      at ReadStream.emit (events.js:315:20)
      at emitKeys (internal/readline/utils.js:335:14)
      at emitKeys.next (<anonymous>)
      at ReadStream.onData (readline.js:1140:36)
      at ReadStream.emit (events.js:315:20)
      at addChunk (_stream_readable.js:302:12)

npm manifest: 
  {
    "name": "genie-server",
    "version": "1.0.0",
    "license": "MIT",
    "private": false,
    "scripts": {
      "start": "nodemon ./bin/www"
    },
    "dependencies": {
      "aws-sdk": "^2.756.0",
      "cookie-parser": "~1.4.4",
      "cors": "^2.8.5",
      "debug": "~2.6.9",
      "dotenv": "^8.2.0",
      "express": "~4.16.1",
      "google-spreadsheet": "^3.0.11",
      "http-errors": "~1.6.3",
      "mongodb": "^3.6.2",
      "mongoose": "^5.10.5",
      "morgan": "~1.9.1",
      "nodemon": "^2.0.4",
      "pug": "~3.0.0"
    }
  }

yarn manifest: 
  No manifest

Lockfile: 
  No lockfile
